Started GET "/" for ::1 at 2019-05-26 11:26:30 -0700
Processing by Rails::WelcomeController#index as HTML
  Rendering /Users/drewraguse/.rvm/gems/ruby-2.5.0@myapp/gems/railties-5.2.3/lib/rails/templates/rails/welcome/index.html.erb
  Rendered /Users/drewraguse/.rvm/gems/ruby-2.5.0@myapp/gems/railties-5.2.3/lib/rails/templates/rails/welcome/index.html.erb (3.6ms)
Completed 200 OK in 21ms (Views: 11.8ms | ActiveRecord: 0.0ms)


Started GET "/homepage/home" for ::1 at 2019-05-26 11:27:56 -0700
Processing by HomepageController#home as HTML
  Rendering homepage/home.html.erb within layouts/application
  Rendered homepage/home.html.erb within layouts/application (0.5ms)
Completed 200 OK in 410ms (Views: 405.0ms | ActiveRecord: 0.0ms)


Started GET "/" for ::1 at 2019-05-26 11:42:04 -0700
Processing by Rails::WelcomeController#index as HTML
  Rendering /Users/drewraguse/.rvm/gems/ruby-2.5.0@myapp/gems/railties-5.2.3/lib/rails/templates/rails/welcome/index.html.erb
  Rendered /Users/drewraguse/.rvm/gems/ruby-2.5.0@myapp/gems/railties-5.2.3/lib/rails/templates/rails/welcome/index.html.erb (5.5ms)
Completed 200 OK in 17ms (Views: 11.0ms | ActiveRecord: 0.0ms)


Started GET "/" for ::1 at 2019-05-26 11:42:59 -0700
Processing by Rails::WelcomeController#index as HTML
  Rendering /Users/drewraguse/.rvm/gems/ruby-2.5.0@myapp/gems/railties-5.2.3/lib/rails/templates/rails/welcome/index.html.erb
  Rendered /Users/drewraguse/.rvm/gems/ruby-2.5.0@myapp/gems/railties-5.2.3/lib/rails/templates/rails/welcome/index.html.erb (4.8ms)
Completed 200 OK in 22ms (Views: 11.4ms | ActiveRecord: 0.0ms)


Started GET "/" for ::1 at 2019-05-26 11:43:01 -0700
Processing by Rails::WelcomeController#index as HTML
  Rendering /Users/drewraguse/.rvm/gems/ruby-2.5.0@myapp/gems/railties-5.2.3/lib/rails/templates/rails/welcome/index.html.erb
  Rendered /Users/drewraguse/.rvm/gems/ruby-2.5.0@myapp/gems/railties-5.2.3/lib/rails/templates/rails/welcome/index.html.erb (3.9ms)
Completed 200 OK in 11ms (Views: 6.6ms | ActiveRecord: 0.0ms)


Started GET "/" for ::1 at 2019-05-26 11:43:25 -0700
Processing by HomepageController#home as HTML
  Rendering homepage/home.html.erb within layouts/application
  Rendered homepage/home.html.erb within layouts/application (0.8ms)
Completed 200 OK in 212ms (Views: 206.4ms | ActiveRecord: 0.0ms)


